<?xml version="1.0" encoding="UTF-8"?>
<testng-results ignored="0" total="1" passed="1" failed="0" skipped="0">
  <reporter-output>
  </reporter-output>
  <suite started-at="2024-02-22T11:46:14 IST" name="Default suite" finished-at="2024-02-22T11:46:28 IST" duration-ms="13924">
    <groups>
    </groups>
    <test started-at="2024-02-22T11:46:14 IST" name="Default test" finished-at="2024-02-22T11:46:28 IST" duration-ms="13924">
      <class name="automation.AddCartRecommendedItems">
        <test-method signature="registerWhileCheckout()[pri:0, instance:automation.AddCartRecommendedItems@7d9d0818]" started-at="2024-02-22T11:46:14 IST" name="registerWhileCheckout" finished-at="2024-02-22T11:46:28 IST" duration-ms="13711" status="PASS">
          <reporter-output>
          </reporter-output>
        </test-method> <!-- registerWhileCheckout -->
      </class> <!-- automation.AddCartRecommendedItems -->
    </test> <!-- Default test -->
  </suite> <!-- Default suite -->
</testng-results>
